<?xml version="1.0" encoding="UTF-8"?>
<coverage generated="1693144689108" clover="3.2.0">
  <project timestamp="1693144689108" name="All files">
    <metrics statements="25" coveredstatements="17" conditionals="6" coveredconditionals="4" methods="5" coveredmethods="4" elements="36" coveredelements="25" complexity="0" loc="25" ncloc="25" packages="3" files="3" classes="3"/>
    <package name="controllers">
      <metrics statements="10" coveredstatements="2" conditionals="2" coveredconditionals="0" methods="1" coveredmethods="0"/>
      <file name="user.js" path="/Users/youngchul/Desktop/GitHub/node_bird/controllers/user.js">
        <metrics statements="10" coveredstatements="2" conditionals="2" coveredconditionals="0" methods="1" coveredmethods="0"/>
        <line num="1" count="1" type="stmt"/>
        <line num="3" count="1" type="stmt"/>
        <line num="4" count="0" type="stmt"/>
        <line num="5" count="0" type="stmt"/>
        <line num="6" count="0" type="cond" truecount="0" falsecount="2"/>
        <line num="7" count="0" type="stmt"/>
        <line num="8" count="0" type="stmt"/>
        <line num="10" count="0" type="stmt"/>
        <line num="13" count="0" type="stmt"/>
        <line num="14" count="0" type="stmt"/>
      </file>
    </package>
    <package name="middlewares">
      <metrics statements="9" coveredstatements="9" conditionals="4" coveredconditionals="4" methods="2" coveredmethods="2"/>
      <file name="index.js" path="/Users/youngchul/Desktop/GitHub/node_bird/middlewares/index.js">
        <metrics statements="9" coveredstatements="9" conditionals="4" coveredconditionals="4" methods="2" coveredmethods="2"/>
        <line num="1" count="1" type="stmt"/>
        <line num="2" count="2" type="cond" truecount="2" falsecount="0"/>
        <line num="3" count="1" type="stmt"/>
        <line num="5" count="1" type="stmt"/>
        <line num="9" count="1" type="stmt"/>
        <line num="10" count="2" type="cond" truecount="2" falsecount="0"/>
        <line num="11" count="1" type="stmt"/>
        <line num="13" count="1" type="stmt"/>
        <line num="14" count="1" type="stmt"/>
      </file>
    </package>
    <package name="models">
      <metrics statements="6" coveredstatements="6" conditionals="0" coveredconditionals="0" methods="2" coveredmethods="2"/>
      <file name="user.js" path="/Users/youngchul/Desktop/GitHub/node_bird/models/user.js">
        <metrics statements="6" coveredstatements="6" conditionals="0" coveredconditionals="0" methods="2" coveredmethods="2"/>
        <line num="1" count="2" type="stmt"/>
        <line num="5" count="1" type="stmt"/>
        <line num="41" count="1" type="stmt"/>
        <line num="42" count="1" type="stmt"/>
        <line num="47" count="1" type="stmt"/>
        <line num="55" count="2" type="stmt"/>
      </file>
    </package>
  </project>
</coverage>
